[0.013s] Invoking command in '/home/alex/ros_testing/ros_ex_ws/build/custom_interfaces': CMAKE_PREFIX_PATH=/opt/ros/humble /usr/bin/cmake /home/alex/ros_testing/ros_ex_ws/src/custom_interfaces -DCMAKE_INSTALL_PREFIX=/home/alex/ros_testing/ros_ex_ws/install/custom_interfaces
[0.029s] -- Found ament_cmake: 1.3.11 (/opt/ros/humble/share/ament_cmake/cmake)
[0.197s] -- Found rosidl_default_generators: 1.2.0 (/opt/ros/humble/share/rosidl_default_generators/cmake)
[0.199s] -- Using all available rosidl_typesupport_c: rosidl_typesupport_fastrtps_c;rosidl_typesupport_introspection_c
[0.203s] -- Found rosidl_adapter: 3.1.6 (/opt/ros/humble/share/rosidl_adapter/cmake)
[0.261s] -- Using all available rosidl_typesupport_cpp: rosidl_typesupport_fastrtps_cpp;rosidl_typesupport_introspection_cpp
[0.727s] -- Found ament_cmake_ros: 0.10.0 (/opt/ros/humble/share/ament_cmake_ros/cmake)
[1.025s] -- Using all available rosidl_typesupport_c: rosidl_typesupport_fastrtps_c;rosidl_typesupport_introspection_c
[1.216s] -- Using all available rosidl_typesupport_cpp: rosidl_typesupport_fastrtps_cpp;rosidl_typesupport_introspection_cpp
[1.233s] -- Found PythonInterp: /usr/bin/python3 (found suitable version "3.10.12", minimum required is "3.6") 
[1.235s] -- Found python_cmake_module: 0.10.0 (/opt/ros/humble/share/python_cmake_module/cmake)
[1.260s] -- Found PythonLibs: /usr/lib/x86_64-linux-gnu/libpython3.10.so (found suitable version "3.10.12", minimum required is "3.5") 
[1.261s] -- Using PYTHON_EXECUTABLE: /usr/bin/python3
[1.261s] -- Using PYTHON_INCLUDE_DIRS: /usr/include/python3.10
[1.261s] -- Using PYTHON_LIBRARIES: /usr/lib/x86_64-linux-gnu/libpython3.10.so
[1.276s] -- Found PythonExtra: .so  
[1.320s] -- Configuring done
[1.357s] -- Generating done
[1.369s] -- Build files have been written to: /home/alex/ros_testing/ros_ex_ws/build/custom_interfaces
[1.376s] Invoked command in '/home/alex/ros_testing/ros_ex_ws/build/custom_interfaces' returned '0': CMAKE_PREFIX_PATH=/opt/ros/humble /usr/bin/cmake /home/alex/ros_testing/ros_ex_ws/src/custom_interfaces -DCMAKE_INSTALL_PREFIX=/home/alex/ros_testing/ros_ex_ws/install/custom_interfaces
[1.378s] Invoking command in '/home/alex/ros_testing/ros_ex_ws/build/custom_interfaces': CMAKE_PREFIX_PATH=/opt/ros/humble /usr/bin/cmake --build /home/alex/ros_testing/ros_ex_ws/build/custom_interfaces -- -j2 -l2
[1.412s] [  3%] [34m[1mGenerating C code for ROS interfaces[0m
[1.423s] [  6%] [34m[1mGenerating C++ code for ROS interfaces[0m
[2.040s] [  9%] [32mBuilding C object CMakeFiles/custom_interfaces__rosidl_generator_c.dir/rosidl_generator_c/custom_interfaces/action/detail/robot_goal__functions.c.o[0m
[2.056s] [  9%] Built target custom_interfaces__cpp
[2.077s] In file included from [01m[K/home/alex/ros_testing/ros_ex_ws/build/custom_interfaces/rosidl_generator_c/custom_interfaces/action/detail/robot_goal__functions.h:19[m[K,
[2.078s]                  from [01m[K/home/alex/ros_testing/ros_ex_ws/build/custom_interfaces/rosidl_generator_c/custom_interfaces/action/detail/robot_goal__functions.c:4[m[K:
[2.079s] [01m[K/home/alex/ros_testing/ros_ex_ws/build/custom_interfaces/rosidl_generator_c/custom_interfaces/action/detail/robot_goal__struct.h:24:10:[m[K [01;31m[Kfatal error: [m[Kcustom_interfaces/msg/detail/float64__struct.h: No such file or directory
[2.079s]    24 | #include [01;31m[K"custom_interfaces/msg/detail/float64__struct.h"[m[K
[2.080s]       |          [01;31m[K^~~~~~~~~~~~~~~~~~~~~~~~~~~~~~~~~~~~~~~~~~~~~~~~[m[K
[2.080s] compilation terminated.
[2.081s] gmake[2]: *** [CMakeFiles/custom_interfaces__rosidl_generator_c.dir/build.make:112: CMakeFiles/custom_interfaces__rosidl_generator_c.dir/rosidl_generator_c/custom_interfaces/action/detail/robot_goal__functions.c.o] Error 1
[2.081s] gmake[1]: *** [CMakeFiles/Makefile2:213: CMakeFiles/custom_interfaces__rosidl_generator_c.dir/all] Error 2
[2.081s] gmake[1]: *** Waiting for unfinished jobs....
[2.083s] [  9%] Built target ament_cmake_python_copy_custom_interfaces
[2.084s] gmake: *** [Makefile:146: all] Error 2
[2.086s] Invoked command in '/home/alex/ros_testing/ros_ex_ws/build/custom_interfaces' returned '2': CMAKE_PREFIX_PATH=/opt/ros/humble /usr/bin/cmake --build /home/alex/ros_testing/ros_ex_ws/build/custom_interfaces -- -j2 -l2
